<?xml version="1.0" encoding="UTF-8"?>
<testng-results skipped="0" failed="0" total="12" passed="12">
  <reporter-output>
  </reporter-output>
  <suite name="Suite" duration-ms="8279" started-at="2017-12-26T22:55:20Z" finished-at="2017-12-26T22:55:28Z">
    <groups>
    </groups>
    <test name="Test" duration-ms="8279" started-at="2017-12-26T22:55:20Z" finished-at="2017-12-26T22:55:28Z">
      <class name="com.shotkin.david.DictionaryTest">
        <test-method status="PASS" signature="dictionary()[pri:0, instance:com.shotkin.david.DictionaryTest@78e117e3]" name="dictionary" duration-ms="19" started-at="2017-12-26T17:55:28Z" finished-at="2017-12-26T17:55:28Z">
          <reporter-output>
          </reporter-output>
        </test-method> <!-- dictionary -->
        <test-method status="PASS" signature="directory()[pri:0, instance:com.shotkin.david.DictionaryTest@78e117e3]" name="directory" duration-ms="5" started-at="2017-12-26T17:55:28Z" finished-at="2017-12-26T17:55:28Z">
          <reporter-output>
          </reporter-output>
        </test-method> <!-- directory -->
        <test-method status="PASS" signature="emptyFile()[pri:0, instance:com.shotkin.david.DictionaryTest@78e117e3]" name="emptyFile" duration-ms="1" started-at="2017-12-26T17:55:28Z" finished-at="2017-12-26T17:55:28Z">
          <reporter-output>
          </reporter-output>
        </test-method> <!-- emptyFile -->
        <test-method status="PASS" signature="nonExistentFile()[pri:0, instance:com.shotkin.david.DictionaryTest@78e117e3]" name="nonExistentFile" duration-ms="1" started-at="2017-12-26T17:55:28Z" finished-at="2017-12-26T17:55:28Z">
          <reporter-output>
          </reporter-output>
        </test-method> <!-- nonExistentFile -->
        <test-method status="PASS" signature="nullFile()[pri:0, instance:com.shotkin.david.DictionaryTest@78e117e3]" name="nullFile" duration-ms="1" started-at="2017-12-26T17:55:28Z" finished-at="2017-12-26T17:55:28Z">
          <reporter-output>
          </reporter-output>
        </test-method> <!-- nullFile -->
        <test-method status="PASS" signature="realFile()[pri:0, instance:com.shotkin.david.DictionaryTest@78e117e3]" name="realFile" duration-ms="1" started-at="2017-12-26T17:55:28Z" finished-at="2017-12-26T17:55:28Z">
          <reporter-output>
          </reporter-output>
        </test-method> <!-- realFile -->
      </class> <!-- com.shotkin.david.DictionaryTest -->
      <class name="com.shotkin.david.ReverseTest">
        <test-method status="PASS" signature="reverseCharacter()[pri:0, instance:com.shotkin.david.ReverseTest@56528192]" name="reverseCharacter" duration-ms="18" started-at="2017-12-26T17:55:20Z" finished-at="2017-12-26T17:55:20Z">
          <reporter-output>
          </reporter-output>
        </test-method> <!-- reverseCharacter -->
        <test-method status="PASS" signature="reverseNull()[pri:0, instance:com.shotkin.david.ReverseTest@56528192]" name="reverseNull" duration-ms="1" started-at="2017-12-26T17:55:20Z" finished-at="2017-12-26T17:55:20Z">
          <reporter-output>
          </reporter-output>
        </test-method> <!-- reverseNull -->
        <test-method status="PASS" signature="reverseString()[pri:0, instance:com.shotkin.david.ReverseTest@56528192]" name="reverseString" duration-ms="2" started-at="2017-12-26T17:55:20Z" finished-at="2017-12-26T17:55:20Z">
          <reporter-output>
          </reporter-output>
        </test-method> <!-- reverseString -->
      </class> <!-- com.shotkin.david.ReverseTest -->
      <class name="com.shotkin.david.IngredientsTest">
        <test-method status="PASS" signature="beforeClass()[pri:0, instance:com.shotkin.david.IngredientsTest@79b06cab]" name="beforeClass" is-config="true" duration-ms="6849" started-at="2017-12-26T17:55:20Z" finished-at="2017-12-26T17:55:27Z">
          <reporter-output>
          </reporter-output>
        </test-method> <!-- beforeClass -->
        <test-method status="PASS" signature="fifthIngredient()[pri:0, instance:com.shotkin.david.IngredientsTest@79b06cab]" name="fifthIngredient" duration-ms="316" started-at="2017-12-26T17:55:27Z" finished-at="2017-12-26T17:55:27Z">
          <reporter-output>
          </reporter-output>
        </test-method> <!-- fifthIngredient -->
        <test-method status="PASS" signature="fullList()[pri:0, instance:com.shotkin.david.IngredientsTest@79b06cab]" name="fullList" duration-ms="155" started-at="2017-12-26T17:55:27Z" finished-at="2017-12-26T17:55:27Z">
          <reporter-output>
          </reporter-output>
        </test-method> <!-- fullList -->
        <test-method status="PASS" signature="thirdIngredient()[pri:0, instance:com.shotkin.david.IngredientsTest@79b06cab]" name="thirdIngredient" duration-ms="155" started-at="2017-12-26T17:55:27Z" finished-at="2017-12-26T17:55:28Z">
          <reporter-output>
          </reporter-output>
        </test-method> <!-- thirdIngredient -->
        <test-method status="PASS" signature="afterClass()[pri:0, instance:com.shotkin.david.IngredientsTest@79b06cab]" name="afterClass" is-config="true" duration-ms="725" started-at="2017-12-26T17:55:28Z" finished-at="2017-12-26T17:55:28Z">
          <reporter-output>
          </reporter-output>
        </test-method> <!-- afterClass -->
      </class> <!-- com.shotkin.david.IngredientsTest -->
    </test> <!-- Test -->
  </suite> <!-- Suite -->
</testng-results>
