<?xml version="1.0" encoding="UTF-8"?>
<!-- Generated by org.testng.reporters.JUnitXMLReporter -->
<testsuite hostname="Optiplex790" name="Test" tests="12" failures="0" timestamp="26 Dec 2017 22:55:28 GMT" time="8.279" errors="0">
  <testcase name="reverseCharacter" time="0.018" classname="com.shotkin.david.ReverseTest"/>
  <testcase name="reverseNull" time="0.001" classname="com.shotkin.david.ReverseTest"/>
  <testcase name="reverseString" time="0.002" classname="com.shotkin.david.ReverseTest"/>
  <testcase name="fifthIngredient" time="0.316" classname="com.shotkin.david.IngredientsTest"/>
  <testcase name="fullList" time="0.155" classname="com.shotkin.david.IngredientsTest"/>
  <testcase name="thirdIngredient" time="0.155" classname="com.shotkin.david.IngredientsTest"/>
  <testcase name="dictionary" time="0.019" classname="com.shotkin.david.DictionaryTest"/>
  <testcase name="directory" time="0.005" classname="com.shotkin.david.DictionaryTest"/>
  <testcase name="emptyFile" time="0.001" classname="com.shotkin.david.DictionaryTest"/>
  <testcase name="nonExistentFile" time="0.001" classname="com.shotkin.david.DictionaryTest"/>
  <testcase name="nullFile" time="0.001" classname="com.shotkin.david.DictionaryTest"/>
  <testcase name="realFile" time="0.001" classname="com.shotkin.david.DictionaryTest"/>
</testsuite> <!-- Test -->
